[1683068551.883][INFO]: Starting ChromeDriver 112.0.5615.49 (bd2a7bcb881c11e8cfe3078709382934e3916914-refs/branch-heads/5615@{#936}) on port 64103
[1683068551.883][INFO]: Please see https://chromedriver.chromium.org/security-considerations for suggestions on keeping ChromeDriver safe.
[1683068552.377][INFO]: [c866942561c8f507c5aac5bea64b95eb] COMMAND InitSession {
   "capabilities": {
      "alwaysMatch": {
         "browserName": "chrome",
         "goog:chromeOptions": {
            "args": [ "--start-maximized" ],
            "extensions": [  ]
         },
         "platformName": "any"
      },
      "firstMatch": [ {
      } ]
   },
   "desiredCapabilities": {
      "browserName": "chrome",
      "goog:chromeOptions": {
         "args": [ "--start-maximized" ],
         "extensions": [  ]
      },
      "platform": "ANY",
      "version": ""
   }
}
[1683068552.380][INFO]: Populating Preferences file: {
   "alternate_error_pages": {
      "enabled": false
   },
   "autofill": {
      "enabled": false
   },
   "browser": {
      "check_default_browser": false
   },
   "distribution": {
      "import_bookmarks": false,
      "import_history": false,
      "import_search_engine": false,
      "make_chrome_default_for_user": false,
      "skip_first_run_ui": true
   },
   "dns_prefetching": {
      "enabled": false
   },
   "profile": {
      "content_settings": {
         "pattern_pairs": {
            "https://*,*": {
               "media-stream": {
                  "audio": "Default",
                  "video": "Default"
               }
            }
         }
      },
      "default_content_setting_values": {
         "geolocation": 1
      },
      "default_content_settings": {
         "geolocation": 1,
         "mouselock": 1,
         "notifications": 1,
         "popups": 1,
         "ppapi-broker": 1
      },
      "password_manager_enabled": false
   },
   "safebrowsing": {
      "enabled": false
   },
   "search": {
      "suggest_enabled": false
   },
   "translate": {
      "enabled": false
   }
}
[1683068552.380][INFO]: Populating Local State file: {
   "background_mode": {
      "enabled": false
   },
   "ssl": {
      "rev_checking": {
         "enabled": false
      }
   }
}
[1683068552.381][INFO]: Launching chrome: "C:\Program Files\Google\Chrome\Application\chrome.exe" --allow-pre-commit-input --disable-background-networking --disable-backgrounding-occluded-windows --disable-client-side-phishing-detection --disable-default-apps --disable-hang-monitor --disable-popup-blocking --disable-prompt-on-repost --disable-sync --enable-automation --enable-blink-features=ShadowDOMV0 --enable-logging --log-level=0 --no-first-run --no-service-autorun --password-store=basic --remote-debugging-port=0 --start-maximized --test-type=webdriver --use-mock-keychain --user-data-dir="C:\Users\anupa\AppData\Local\Temp\scoped_dir26704_1620021277" data:,
[1683068552.839][INFO]: resolved localhost to ["::1","127.0.0.1"]
[1683068552.842][INFO]: [c866942561c8f507c5aac5bea64b95eb] RESPONSE InitSession {
   "capabilities": {
      "acceptInsecureCerts": false,
      "browserName": "chrome",
      "browserVersion": "112.0.5615.138",
      "chrome": {
         "chromedriverVersion": "112.0.5615.49 (bd2a7bcb881c11e8cfe3078709382934e3916914-refs/branch-heads/5615@{#936})",
         "userDataDir": "C:\\Users\\anupa\\AppData\\Local\\Temp\\scoped_dir26704_1620021277"
      },
      "goog:chromeOptions": {
         "debuggerAddress": "localhost:64110"
      },
      "networkConnectionEnabled": false,
      "pageLoadStrategy": "normal",
      "platformName": "windows",
      "proxy": {
      },
      "setWindowRect": true,
      "strictFileInteractability": false,
      "timeouts": {
         "implicit": 0,
         "pageLoad": 300000,
         "script": 30000
      },
      "unhandledPromptBehavior": "dismiss and notify",
      "webauthn:extension:credBlob": true,
      "webauthn:extension:largeBlob": true,
      "webauthn:extension:minPinLength": true,
      "webauthn:extension:prf": true,
      "webauthn:virtualAuthenticators": true
   },
   "sessionId": "c866942561c8f507c5aac5bea64b95eb"
}
[1683068552.843][INFO]: [c866942561c8f507c5aac5bea64b95eb] COMMAND MaximizeWindow {
}
[1683068552.843][INFO]: Waiting for pending navigations...
[1683068552.844][INFO]: Done waiting for pending navigations. Status: ok
[1683068552.844][INFO]: Waiting for pending navigations...
[1683068552.844][INFO]: Done waiting for pending navigations. Status: ok
[1683068552.844][INFO]: [c866942561c8f507c5aac5bea64b95eb] RESPONSE MaximizeWindow {
   "height": 1408,
   "width": 2576,
   "x": -8,
   "y": -8
}
[1683068552.845][INFO]: [c866942561c8f507c5aac5bea64b95eb] COMMAND Navigate {
   "url": "https://www.linkedin.com"
}
[1683068552.845][INFO]: Waiting for pending navigations...
[1683068552.845][INFO]: Done waiting for pending navigations. Status: ok
[1683068553.305][INFO]: Waiting for pending navigations...
